The system is: Linux - 4.14.111 - armv7l
Compiling the C compiler identification source file "CMakeCCompilerId.c" succeeded.
Compiler: /usr/bin/cc 
Build flags: 
Id flags:  

The output was:
0


Compilation of the C compiler identification source "CMakeCCompilerId.c" produced "a.out"

The C compiler identification is GNU, found in "/home/pi/work_space/Benzen_Project_230_AI/build/CMakeFiles/3.16.3/CompilerIdC/a.out"

Compiling the CXX compiler identification source file "CMakeCXXCompilerId.cpp" succeeded.
Compiler: /usr/bin/c++ 
Build flags: 
Id flags:  

The output was:
0


Compilation of the CXX compiler identification source "CMakeCXXCompilerId.cpp" produced "a.out"

The CXX compiler identification is GNU, found in "/home/pi/work_space/Benzen_Project_230_AI/build/CMakeFiles/3.16.3/CompilerIdCXX/a.out"

Determining if the C compiler works passed with the following output:
Change Dir: /home/pi/work_space/Benzen_Project_230_AI/build/CMakeFiles/CMakeTmp

Run Build Command(s):/usr/bin/make cmTC_ec5c6/fast && /usr/bin/make -f CMakeFiles/cmTC_ec5c6.dir/build.make CMakeFiles/cmTC_ec5c6.dir/build
make[1]: Entering directory '/home/pi/work_space/Benzen_Project_230_AI/build/CMakeFiles/CMakeTmp'
Building C object CMakeFiles/cmTC_ec5c6.dir/testCCompiler.c.o
/usr/bin/cc    -o CMakeFiles/cmTC_ec5c6.dir/testCCompiler.c.o   -c /home/pi/work_space/Benzen_Project_230_AI/build/CMakeFiles/CMakeTmp/testCCompiler.c
Linking C executable cmTC_ec5c6
/usr/bin/cmake -E cmake_link_script CMakeFiles/cmTC_ec5c6.dir/link.txt --verbose=1
/usr/bin/cc      -rdynamic CMakeFiles/cmTC_ec5c6.dir/testCCompiler.c.o  -o cmTC_ec5c6 
make[1]: Leaving directory '/home/pi/work_space/Benzen_Project_230_AI/build/CMakeFiles/CMakeTmp'



Detecting C compiler ABI info compiled with the following output:
Change Dir: /home/pi/work_space/Benzen_Project_230_AI/build/CMakeFiles/CMakeTmp

Run Build Command(s):/usr/bin/make cmTC_b94cf/fast && /usr/bin/make -f CMakeFiles/cmTC_b94cf.dir/build.make CMakeFiles/cmTC_b94cf.dir/build
make[1]: Entering directory '/home/pi/work_space/Benzen_Project_230_AI/build/CMakeFiles/CMakeTmp'
Building C object CMakeFiles/cmTC_b94cf.dir/CMakeCCompilerABI.c.o
/usr/bin/cc   -v -o CMakeFiles/cmTC_b94cf.dir/CMakeCCompilerABI.c.o   -c /usr/share/cmake-3.16/Modules/CMakeCCompilerABI.c
Using built-in specs.
COLLECT_GCC=/usr/bin/cc
Target: arm-linux-gnueabihf
Configured with: ../src/configure -v --with-pkgversion='Ubuntu 13.1.0-8ubuntu1~20.04.2' --with-bugurl=file:///usr/share/doc/gcc-13/README.Bugs --enable-languages=c,ada,c++,go,d,fortran,objc,obj-c++,m2,rust --prefix=/usr --with-gcc-major-version-only --program-suffix=-13 --program-prefix=arm-linux-gnueabihf- --enable-shared --enable-linker-build-id --libexecdir=/usr/libexec --without-included-gettext --enable-threads=posix --libdir=/usr/lib --enable-nls --enable-clocale=gnu --enable-libstdcxx-debug --enable-libstdcxx-time=yes --with-default-libstdcxx-abi=new --enable-gnu-unique-object --disable-libitm --disable-libquadmath --disable-libquadmath-support --enable-plugin --enable-default-pie --with-system-zlib --enable-libphobos-checking=release --with-target-system-zlib=auto --enable-objc-gc=auto --enable-multiarch --enable-multilib --disable-sjlj-exceptions --with-arch=armv7-a --with-fpu=vfpv3-d16 --with-float=hard --with-mode=thumb --disable-werror --enable-multilib --enable-checking=release --build=arm-linux-gnueabihf --host=arm-linux-gnueabihf --target=arm-linux-gnueabihf
Thread model: posix
Supported LTO compression algorithms: zlib zstd
gcc version 13.1.0 (Ubuntu 13.1.0-8ubuntu1~20.04.2) 
COLLECT_GCC_OPTIONS='-v' '-o' 'CMakeFiles/cmTC_b94cf.dir/CMakeCCompilerABI.c.o' '-c'  '-mfloat-abi=hard' '-mfpu=vfpv3-d16' '-mtls-dialect=gnu' '-mthumb' '-mlibarch=armv7-a+fp' '-march=armv7-a+fp' '-dumpdir' 'CMakeFiles/cmTC_b94cf.dir/'
 /usr/libexec/gcc/arm-linux-gnueabihf/13/cc1 -quiet -v -imultiarch arm-linux-gnueabihf /usr/share/cmake-3.16/Modules/CMakeCCompilerABI.c -quiet -dumpdir CMakeFiles/cmTC_b94cf.dir/ -dumpbase CMakeCCompilerABI.c.c -dumpbase-ext .c -mfloat-abi=hard -mfpu=vfpv3-d16 -mtls-dialect=gnu -mthumb -mlibarch=armv7-a+fp -march=armv7-a+fp -version -fstack-protector-strong -Wformat -Wformat-security -o /tmp/cczURnwR.s
GNU C17 (Ubuntu 13.1.0-8ubuntu1~20.04.2) version 13.1.0 (arm-linux-gnueabihf)
	compiled by GNU C version 13.1.0, GMP version 6.2.0, MPFR version 4.0.2, MPC version 1.1.0, isl version isl-0.22.1-GMP

GGC heuristics: --param ggc-min-expand=63 --param ggc-min-heapsize=62896
ignoring nonexistent directory "/usr/local/include/arm-linux-gnueabihf"
ignoring nonexistent directory "/usr/lib/gcc/arm-linux-gnueabihf/13/include-fixed/arm-linux-gnueabihf"
ignoring nonexistent directory "/usr/lib/gcc/arm-linux-gnueabihf/13/include-fixed"
ignoring nonexistent directory "/usr/lib/gcc/arm-linux-gnueabihf/13/../../../../arm-linux-gnueabihf/include"
#include "..." search starts here:
#include <...> search starts here:
 /usr/lib/gcc/arm-linux-gnueabihf/13/include
 /usr/local/include
 /usr/include/arm-linux-gnueabihf
 /usr/include
End of search list.
Compiler executable checksum: 6cfd3a0071ce760ceb771c2568847dc2
COLLECT_GCC_OPTIONS='-v' '-o' 'CMakeFiles/cmTC_b94cf.dir/CMakeCCompilerABI.c.o' '-c'  '-mfloat-abi=hard' '-mfpu=vfpv3-d16' '-mtls-dialect=gnu' '-mthumb' '-mlibarch=armv7-a+fp' '-march=armv7-a+fp' '-dumpdir' 'CMakeFiles/cmTC_b94cf.dir/'
 as -v -march=armv7-a+fp -mfloat-abi=hard -mfpu=vfpv3-d16 -meabi=5 -o CMakeFiles/cmTC_b94cf.dir/CMakeCCompilerABI.c.o /tmp/cczURnwR.s
GNU assembler version 2.34 (arm-linux-gnueabihf) using BFD version (GNU Binutils for Ubuntu) 2.34
COMPILER_PATH=/usr/libexec/gcc/arm-linux-gnueabihf/13/:/usr/libexec/gcc/arm-linux-gnueabihf/13/:/usr/libexec/gcc/arm-linux-gnueabihf/:/usr/lib/gcc/arm-linux-gnueabihf/13/:/usr/lib/gcc/arm-linux-gnueabihf/
LIBRARY_PATH=/usr/lib/gcc/arm-linux-gnueabihf/13/:/usr/lib/gcc/arm-linux-gnueabihf/13/../../../arm-linux-gnueabihf/:/usr/lib/gcc/arm-linux-gnueabihf/13/../../../../lib/:/lib/arm-linux-gnueabihf/:/lib/../lib/:/usr/lib/arm-linux-gnueabihf/:/usr/lib/../lib/:/usr/lib/gcc/arm-linux-gnueabihf/13/../../../:/lib/:/usr/lib/
COLLECT_GCC_OPTIONS='-v' '-o' 'CMakeFiles/cmTC_b94cf.dir/CMakeCCompilerABI.c.o' '-c'  '-mfloat-abi=hard' '-mfpu=vfpv3-d16' '-mtls-dialect=gnu' '-mthumb' '-mlibarch=armv7-a+fp' '-march=armv7-a+fp' '-dumpdir' 'CMakeFiles/cmTC_b94cf.dir/CMakeCCompilerABI.c.'
Linking C executable cmTC_b94cf
/usr/bin/cmake -E cmake_link_script CMakeFiles/cmTC_b94cf.dir/link.txt --verbose=1
/usr/bin/cc     -v -rdynamic CMakeFiles/cmTC_b94cf.dir/CMakeCCompilerABI.c.o  -o cmTC_b94cf 
Using built-in specs.
COLLECT_GCC=/usr/bin/cc
COLLECT_LTO_WRAPPER=/usr/libexec/gcc/arm-linux-gnueabihf/13/lto-wrapper
Target: arm-linux-gnueabihf
Configured with: ../src/configure -v --with-pkgversion='Ubuntu 13.1.0-8ubuntu1~20.04.2' --with-bugurl=file:///usr/share/doc/gcc-13/README.Bugs --enable-languages=c,ada,c++,go,d,fortran,objc,obj-c++,m2,rust --prefix=/usr --with-gcc-major-version-only --program-suffix=-13 --program-prefix=arm-linux-gnueabihf- --enable-shared --enable-linker-build-id --libexecdir=/usr/libexec --without-included-gettext --enable-threads=posix --libdir=/usr/lib --enable-nls --enable-clocale=gnu --enable-libstdcxx-debug --enable-libstdcxx-time=yes --with-default-libstdcxx-abi=new --enable-gnu-unique-object --disable-libitm --disable-libquadmath --disable-libquadmath-support --enable-plugin --enable-default-pie --with-system-zlib --enable-libphobos-checking=release --with-target-system-zlib=auto --enable-objc-gc=auto --enable-multiarch --enable-multilib --disable-sjlj-exceptions --with-arch=armv7-a --with-fpu=vfpv3-d16 --with-float=hard --with-mode=thumb --disable-werror --enable-multilib --enable-checking=release --build=arm-linux-gnueabihf --host=arm-linux-gnueabihf --target=arm-linux-gnueabihf
Thread model: posix
Supported LTO compression algorithms: zlib zstd
gcc version 13.1.0 (Ubuntu 13.1.0-8ubuntu1~20.04.2) 
COMPILER_PATH=/usr/libexec/gcc/arm-linux-gnueabihf/13/:/usr/libexec/gcc/arm-linux-gnueabihf/13/:/usr/libexec/gcc/arm-linux-gnueabihf/:/usr/lib/gcc/arm-linux-gnueabihf/13/:/usr/lib/gcc/arm-linux-gnueabihf/
LIBRARY_PATH=/usr/lib/gcc/arm-linux-gnueabihf/13/:/usr/lib/gcc/arm-linux-gnueabihf/13/../../../arm-linux-gnueabihf/:/usr/lib/gcc/arm-linux-gnueabihf/13/../../../../lib/:/lib/arm-linux-gnueabihf/:/lib/../lib/:/usr/lib/arm-linux-gnueabihf/:/usr/lib/../lib/:/usr/lib/gcc/arm-linux-gnueabihf/13/../../../:/lib/:/usr/lib/
COLLECT_GCC_OPTIONS='-v' '-rdynamic' '-o' 'cmTC_b94cf'  '-mfloat-abi=hard' '-mfpu=vfpv3-d16' '-mtls-dialect=gnu' '-mthumb' '-mlibarch=armv7-a+fp' '-march=armv7-a+fp' '-dumpdir' 'cmTC_b94cf.'
 /usr/libexec/gcc/arm-linux-gnueabihf/13/collect2 -plugin /usr/libexec/gcc/arm-linux-gnueabihf/13/liblto_plugin.so -plugin-opt=/usr/libexec/gcc/arm-linux-gnueabihf/13/lto-wrapper -plugin-opt=-fresolution=/tmp/cchUITxi.res -plugin-opt=-pass-through=-lgcc -plugin-opt=-pass-through=-lgcc_s -plugin-opt=-pass-through=-lc -plugin-opt=-pass-through=-lgcc -plugin-opt=-pass-through=-lgcc_s --build-id --eh-frame-hdr -export-dynamic -dynamic-linker /lib/ld-linux-armhf.so.3 -X --hash-style=gnu --as-needed -m armelf_linux_eabi -pie -z now -z relro -o cmTC_b94cf /usr/lib/gcc/arm-linux-gnueabihf/13/../../../arm-linux-gnueabihf/Scrt1.o /usr/lib/gcc/arm-linux-gnueabihf/13/../../../arm-linux-gnueabihf/crti.o /usr/lib/gcc/arm-linux-gnueabihf/13/crtbeginS.o -L/usr/lib/gcc/arm-linux-gnueabihf/13 -L/usr/lib/gcc/arm-linux-gnueabihf/13/../../../arm-linux-gnueabihf -L/usr/lib/gcc/arm-linux-gnueabihf/13/../../../../lib -L/lib/arm-linux-gnueabihf -L/lib/../lib -L/usr/lib/arm-linux-gnueabihf -L/usr/lib/../lib -L/usr/lib/gcc/arm-linux-gnueabihf/13/../../.. CMakeFiles/cmTC_b94cf.dir/CMakeCCompilerABI.c.o -lgcc --push-state --as-needed -lgcc_s --pop-state -lc -lgcc --push-state --as-needed -lgcc_s --pop-state /usr/lib/gcc/arm-linux-gnueabihf/13/crtendS.o /usr/lib/gcc/arm-linux-gnueabihf/13/../../../arm-linux-gnueabihf/crtn.o
COLLECT_GCC_OPTIONS='-v' '-rdynamic' '-o' 'cmTC_b94cf'  '-mfloat-abi=hard' '-mfpu=vfpv3-d16' '-mtls-dialect=gnu' '-mthumb' '-mlibarch=armv7-a+fp' '-march=armv7-a+fp' '-dumpdir' 'cmTC_b94cf.'
make[1]: Leaving directory '/home/pi/work_space/Benzen_Project_230_AI/build/CMakeFiles/CMakeTmp'



Parsed C implicit include dir info from above output: rv=done
  found start of include info
  found start of implicit include info
    add: [/usr/lib/gcc/arm-linux-gnueabihf/13/include]
    add: [/usr/local/include]
    add: [/usr/include/arm-linux-gnueabihf]
    add: [/usr/include]
  end of search list found
  collapse include dir [/usr/lib/gcc/arm-linux-gnueabihf/13/include] ==> [/usr/lib/gcc/arm-linux-gnueabihf/13/include]
  collapse include dir [/usr/local/include] ==> [/usr/local/include]
  collapse include dir [/usr/include/arm-linux-gnueabihf] ==> [/usr/include/arm-linux-gnueabihf]
  collapse include dir [/usr/include] ==> [/usr/include]
  implicit include dirs: [/usr/lib/gcc/arm-linux-gnueabihf/13/include;/usr/local/include;/usr/include/arm-linux-gnueabihf;/usr/include]


Parsed C implicit link information from above output:
  link line regex: [^( *|.*[/\])(ld|CMAKE_LINK_STARTFILE-NOTFOUND|([^/\]+-)?ld|collect2)[^/\]*( |$)]
  ignore line: [Change Dir: /home/pi/work_space/Benzen_Project_230_AI/build/CMakeFiles/CMakeTmp]
  ignore line: []
  ignore line: [Run Build Command(s):/usr/bin/make cmTC_b94cf/fast && /usr/bin/make -f CMakeFiles/cmTC_b94cf.dir/build.make CMakeFiles/cmTC_b94cf.dir/build]
  ignore line: [make[1]: Entering directory '/home/pi/work_space/Benzen_Project_230_AI/build/CMakeFiles/CMakeTmp']
  ignore line: [Building C object CMakeFiles/cmTC_b94cf.dir/CMakeCCompilerABI.c.o]
  ignore line: [/usr/bin/cc   -v -o CMakeFiles/cmTC_b94cf.dir/CMakeCCompilerABI.c.o   -c /usr/share/cmake-3.16/Modules/CMakeCCompilerABI.c]
  ignore line: [Using built-in specs.]
  ignore line: [COLLECT_GCC=/usr/bin/cc]
  ignore line: [Target: arm-linux-gnueabihf]
  ignore line: [Configured with: ../src/configure -v --with-pkgversion='Ubuntu 13.1.0-8ubuntu1~20.04.2' --with-bugurl=file:///usr/share/doc/gcc-13/README.Bugs --enable-languages=c ada c++ go d fortran objc obj-c++ m2 rust --prefix=/usr --with-gcc-major-version-only --program-suffix=-13 --program-prefix=arm-linux-gnueabihf- --enable-shared --enable-linker-build-id --libexecdir=/usr/libexec --without-included-gettext --enable-threads=posix --libdir=/usr/lib --enable-nls --enable-clocale=gnu --enable-libstdcxx-debug --enable-libstdcxx-time=yes --with-default-libstdcxx-abi=new --enable-gnu-unique-object --disable-libitm --disable-libquadmath --disable-libquadmath-support --enable-plugin --enable-default-pie --with-system-zlib --enable-libphobos-checking=release --with-target-system-zlib=auto --enable-objc-gc=auto --enable-multiarch --enable-multilib --disable-sjlj-exceptions --with-arch=armv7-a --with-fpu=vfpv3-d16 --with-float=hard --with-mode=thumb --disable-werror --enable-multilib --enable-checking=release --build=arm-linux-gnueabihf --host=arm-linux-gnueabihf --target=arm-linux-gnueabihf]
  ignore line: [Thread model: posix]
  ignore line: [Supported LTO compression algorithms: zlib zstd]
  ignore line: [gcc version 13.1.0 (Ubuntu 13.1.0-8ubuntu1~20.04.2) ]
  ignore line: [COLLECT_GCC_OPTIONS='-v' '-o' 'CMakeFiles/cmTC_b94cf.dir/CMakeCCompilerABI.c.o' '-c'  '-mfloat-abi=hard' '-mfpu=vfpv3-d16' '-mtls-dialect=gnu' '-mthumb' '-mlibarch=armv7-a+fp' '-march=armv7-a+fp' '-dumpdir' 'CMakeFiles/cmTC_b94cf.dir/']
  ignore line: [ /usr/libexec/gcc/arm-linux-gnueabihf/13/cc1 -quiet -v -imultiarch arm-linux-gnueabihf /usr/share/cmake-3.16/Modules/CMakeCCompilerABI.c -quiet -dumpdir CMakeFiles/cmTC_b94cf.dir/ -dumpbase CMakeCCompilerABI.c.c -dumpbase-ext .c -mfloat-abi=hard -mfpu=vfpv3-d16 -mtls-dialect=gnu -mthumb -mlibarch=armv7-a+fp -march=armv7-a+fp -version -fstack-protector-strong -Wformat -Wformat-security -o /tmp/cczURnwR.s]
  ignore line: [GNU C17 (Ubuntu 13.1.0-8ubuntu1~20.04.2) version 13.1.0 (arm-linux-gnueabihf)]
  ignore line: [	compiled by GNU C version 13.1.0  GMP version 6.2.0  MPFR version 4.0.2  MPC version 1.1.0  isl version isl-0.22.1-GMP]
  ignore line: []
  ignore line: [GGC heuristics: --param ggc-min-expand=63 --param ggc-min-heapsize=62896]
  ignore line: [ignoring nonexistent directory "/usr/local/include/arm-linux-gnueabihf"]
  ignore line: [ignoring nonexistent directory "/usr/lib/gcc/arm-linux-gnueabihf/13/include-fixed/arm-linux-gnueabihf"]
  ignore line: [ignoring nonexistent directory "/usr/lib/gcc/arm-linux-gnueabihf/13/include-fixed"]
  ignore line: [ignoring nonexistent directory "/usr/lib/gcc/arm-linux-gnueabihf/13/../../../../arm-linux-gnueabihf/include"]
  ignore line: [#include "..." search starts here:]
  ignore line: [#include <...> search starts here:]
  ignore line: [ /usr/lib/gcc/arm-linux-gnueabihf/13/include]
  ignore line: [ /usr/local/include]
  ignore line: [ /usr/include/arm-linux-gnueabihf]
  ignore line: [ /usr/include]
  ignore line: [End of search list.]
  ignore line: [Compiler executable checksum: 6cfd3a0071ce760ceb771c2568847dc2]
  ignore line: [COLLECT_GCC_OPTIONS='-v' '-o' 'CMakeFiles/cmTC_b94cf.dir/CMakeCCompilerABI.c.o' '-c'  '-mfloat-abi=hard' '-mfpu=vfpv3-d16' '-mtls-dialect=gnu' '-mthumb' '-mlibarch=armv7-a+fp' '-march=armv7-a+fp' '-dumpdir' 'CMakeFiles/cmTC_b94cf.dir/']
  ignore line: [ as -v -march=armv7-a+fp -mfloat-abi=hard -mfpu=vfpv3-d16 -meabi=5 -o CMakeFiles/cmTC_b94cf.dir/CMakeCCompilerABI.c.o /tmp/cczURnwR.s]
  ignore line: [GNU assembler version 2.34 (arm-linux-gnueabihf) using BFD version (GNU Binutils for Ubuntu) 2.34]
  ignore line: [COMPILER_PATH=/usr/libexec/gcc/arm-linux-gnueabihf/13/:/usr/libexec/gcc/arm-linux-gnueabihf/13/:/usr/libexec/gcc/arm-linux-gnueabihf/:/usr/lib/gcc/arm-linux-gnueabihf/13/:/usr/lib/gcc/arm-linux-gnueabihf/]
  ignore line: [LIBRARY_PATH=/usr/lib/gcc/arm-linux-gnueabihf/13/:/usr/lib/gcc/arm-linux-gnueabihf/13/../../../arm-linux-gnueabihf/:/usr/lib/gcc/arm-linux-gnueabihf/13/../../../../lib/:/lib/arm-linux-gnueabihf/:/lib/../lib/:/usr/lib/arm-linux-gnueabihf/:/usr/lib/../lib/:/usr/lib/gcc/arm-linux-gnueabihf/13/../../../:/lib/:/usr/lib/]
  ignore line: [COLLECT_GCC_OPTIONS='-v' '-o' 'CMakeFiles/cmTC_b94cf.dir/CMakeCCompilerABI.c.o' '-c'  '-mfloat-abi=hard' '-mfpu=vfpv3-d16' '-mtls-dialect=gnu' '-mthumb' '-mlibarch=armv7-a+fp' '-march=armv7-a+fp' '-dumpdir' 'CMakeFiles/cmTC_b94cf.dir/CMakeCCompilerABI.c.']
  ignore line: [Linking C executable cmTC_b94cf]
  ignore line: [/usr/bin/cmake -E cmake_link_script CMakeFiles/cmTC_b94cf.dir/link.txt --verbose=1]
  ignore line: [/usr/bin/cc     -v -rdynamic CMakeFiles/cmTC_b94cf.dir/CMakeCCompilerABI.c.o  -o cmTC_b94cf ]
  ignore line: [Using built-in specs.]
  ignore line: [COLLECT_GCC=/usr/bin/cc]
  ignore line: [COLLECT_LTO_WRAPPER=/usr/libexec/gcc/arm-linux-gnueabihf/13/lto-wrapper]
  ignore line: [Target: arm-linux-gnueabihf]
  ignore line: [Configured with: ../src/configure -v --with-pkgversion='Ubuntu 13.1.0-8ubuntu1~20.04.2' --with-bugurl=file:///usr/share/doc/gcc-13/README.Bugs --enable-languages=c ada c++ go d fortran objc obj-c++ m2 rust --prefix=/usr --with-gcc-major-version-only --program-suffix=-13 --program-prefix=arm-linux-gnueabihf- --enable-shared --enable-linker-build-id --libexecdir=/usr/libexec --without-included-gettext --enable-threads=posix --libdir=/usr/lib --enable-nls --enable-clocale=gnu --enable-libstdcxx-debug --enable-libstdcxx-time=yes --with-default-libstdcxx-abi=new --enable-gnu-unique-object --disable-libitm --disable-libquadmath --disable-libquadmath-support --enable-plugin --enable-default-pie --with-system-zlib --enable-libphobos-checking=release --with-target-system-zlib=auto --enable-objc-gc=auto --enable-multiarch --enable-multilib --disable-sjlj-exceptions --with-arch=armv7-a --with-fpu=vfpv3-d16 --with-float=hard --with-mode=thumb --disable-werror --enable-multilib --enable-checking=release --build=arm-linux-gnueabihf --host=arm-linux-gnueabihf --target=arm-linux-gnueabihf]
  ignore line: [Thread model: posix]
  ignore line: [Supported LTO compression algorithms: zlib zstd]
  ignore line: [gcc version 13.1.0 (Ubuntu 13.1.0-8ubuntu1~20.04.2) ]
  ignore line: [COMPILER_PATH=/usr/libexec/gcc/arm-linux-gnueabihf/13/:/usr/libexec/gcc/arm-linux-gnueabihf/13/:/usr/libexec/gcc/arm-linux-gnueabihf/:/usr/lib/gcc/arm-linux-gnueabihf/13/:/usr/lib/gcc/arm-linux-gnueabihf/]
  ignore line: [LIBRARY_PATH=/usr/lib/gcc/arm-linux-gnueabihf/13/:/usr/lib/gcc/arm-linux-gnueabihf/13/../../../arm-linux-gnueabihf/:/usr/lib/gcc/arm-linux-gnueabihf/13/../../../../lib/:/lib/arm-linux-gnueabihf/:/lib/../lib/:/usr/lib/arm-linux-gnueabihf/:/usr/lib/../lib/:/usr/lib/gcc/arm-linux-gnueabihf/13/../../../:/lib/:/usr/lib/]
  ignore line: [COLLECT_GCC_OPTIONS='-v' '-rdynamic' '-o' 'cmTC_b94cf'  '-mfloat-abi=hard' '-mfpu=vfpv3-d16' '-mtls-dialect=gnu' '-mthumb' '-mlibarch=armv7-a+fp' '-march=armv7-a+fp' '-dumpdir' 'cmTC_b94cf.']
  link line: [ /usr/libexec/gcc/arm-linux-gnueabihf/13/collect2 -plugin /usr/libexec/gcc/arm-linux-gnueabihf/13/liblto_plugin.so -plugin-opt=/usr/libexec/gcc/arm-linux-gnueabihf/13/lto-wrapper -plugin-opt=-fresolution=/tmp/cchUITxi.res -plugin-opt=-pass-through=-lgcc -plugin-opt=-pass-through=-lgcc_s -plugin-opt=-pass-through=-lc -plugin-opt=-pass-through=-lgcc -plugin-opt=-pass-through=-lgcc_s --build-id --eh-frame-hdr -export-dynamic -dynamic-linker /lib/ld-linux-armhf.so.3 -X --hash-style=gnu --as-needed -m armelf_linux_eabi -pie -z now -z relro -o cmTC_b94cf /usr/lib/gcc/arm-linux-gnueabihf/13/../../../arm-linux-gnueabihf/Scrt1.o /usr/lib/gcc/arm-linux-gnueabihf/13/../../../arm-linux-gnueabihf/crti.o /usr/lib/gcc/arm-linux-gnueabihf/13/crtbeginS.o -L/usr/lib/gcc/arm-linux-gnueabihf/13 -L/usr/lib/gcc/arm-linux-gnueabihf/13/../../../arm-linux-gnueabihf -L/usr/lib/gcc/arm-linux-gnueabihf/13/../../../../lib -L/lib/arm-linux-gnueabihf -L/lib/../lib -L/usr/lib/arm-linux-gnueabihf -L/usr/lib/../lib -L/usr/lib/gcc/arm-linux-gnueabihf/13/../../.. CMakeFiles/cmTC_b94cf.dir/CMakeCCompilerABI.c.o -lgcc --push-state --as-needed -lgcc_s --pop-state -lc -lgcc --push-state --as-needed -lgcc_s --pop-state /usr/lib/gcc/arm-linux-gnueabihf/13/crtendS.o /usr/lib/gcc/arm-linux-gnueabihf/13/../../../arm-linux-gnueabihf/crtn.o]
    arg [/usr/libexec/gcc/arm-linux-gnueabihf/13/collect2] ==> ignore
    arg [-plugin] ==> ignore
    arg [/usr/libexec/gcc/arm-linux-gnueabihf/13/liblto_plugin.so] ==> ignore
    arg [-plugin-opt=/usr/libexec/gcc/arm-linux-gnueabihf/13/lto-wrapper] ==> ignore
    arg [-plugin-opt=-fresolution=/tmp/cchUITxi.res] ==> ignore
    arg [-plugin-opt=-pass-through=-lgcc] ==> ignore
    arg [-plugin-opt=-pass-through=-lgcc_s] ==> ignore
    arg [-plugin-opt=-pass-through=-lc] ==> ignore
    arg [-plugin-opt=-pass-through=-lgcc] ==> ignore
    arg [-plugin-opt=-pass-through=-lgcc_s] ==> ignore
    arg [--build-id] ==> ignore
    arg [--eh-frame-hdr] ==> ignore
    arg [-export-dynamic] ==> ignore
    arg [-dynamic-linker] ==> ignore
    arg [/lib/ld-linux-armhf.so.3] ==> ignore
    arg [-X] ==> ignore
    arg [--hash-style=gnu] ==> ignore
    arg [--as-needed] ==> ignore
    arg [-m] ==> ignore
    arg [armelf_linux_eabi] ==> ignore
    arg [-pie] ==> ignore
    arg [-znow] ==> ignore
    arg [-zrelro] ==> ignore
    arg [-o] ==> ignore
    arg [cmTC_b94cf] ==> ignore
    arg [/usr/lib/gcc/arm-linux-gnueabihf/13/../../../arm-linux-gnueabihf/Scrt1.o] ==> ignore
    arg [/usr/lib/gcc/arm-linux-gnueabihf/13/../../../arm-linux-gnueabihf/crti.o] ==> ignore
    arg [/usr/lib/gcc/arm-linux-gnueabihf/13/crtbeginS.o] ==> ignore
    arg [-L/usr/lib/gcc/arm-linux-gnueabihf/13] ==> dir [/usr/lib/gcc/arm-linux-gnueabihf/13]
    arg [-L/usr/lib/gcc/arm-linux-gnueabihf/13/../../../arm-linux-gnueabihf] ==> dir [/usr/lib/gcc/arm-linux-gnueabihf/13/../../../arm-linux-gnueabihf]
    arg [-L/usr/lib/gcc/arm-linux-gnueabihf/13/../../../../lib] ==> dir [/usr/lib/gcc/arm-linux-gnueabihf/13/../../../../lib]
    arg [-L/lib/arm-linux-gnueabihf] ==> dir [/lib/arm-linux-gnueabihf]
    arg [-L/lib/../lib] ==> dir [/lib/../lib]
    arg [-L/usr/lib/arm-linux-gnueabihf] ==> dir [/usr/lib/arm-linux-gnueabihf]
    arg [-L/usr/lib/../lib] ==> dir [/usr/lib/../lib]
    arg [-L/usr/lib/gcc/arm-linux-gnueabihf/13/../../..] ==> dir [/usr/lib/gcc/arm-linux-gnueabihf/13/../../..]
    arg [CMakeFiles/cmTC_b94cf.dir/CMakeCCompilerABI.c.o] ==> ignore
    arg [-lgcc] ==> lib [gcc]
    arg [--push-state] ==> ignore
    arg [--as-needed] ==> ignore
    arg [-lgcc_s] ==> lib [gcc_s]
    arg [--pop-state] ==> ignore
    arg [-lc] ==> lib [c]
    arg [-lgcc] ==> lib [gcc]
    arg [--push-state] ==> ignore
    arg [--as-needed] ==> ignore
    arg [-lgcc_s] ==> lib [gcc_s]
    arg [--pop-state] ==> ignore
    arg [/usr/lib/gcc/arm-linux-gnueabihf/13/crtendS.o] ==> ignore
    arg [/usr/lib/gcc/arm-linux-gnueabihf/13/../../../arm-linux-gnueabihf/crtn.o] ==> ignore
  collapse library dir [/usr/lib/gcc/arm-linux-gnueabihf/13] ==> [/usr/lib/gcc/arm-linux-gnueabihf/13]
  collapse library dir [/usr/lib/gcc/arm-linux-gnueabihf/13/../../../arm-linux-gnueabihf] ==> [/usr/lib/arm-linux-gnueabihf]
  collapse library dir [/usr/lib/gcc/arm-linux-gnueabihf/13/../../../../lib] ==> [/usr/lib]
  collapse library dir [/lib/arm-linux-gnueabihf] ==> [/lib/arm-linux-gnueabihf]
  collapse library dir [/lib/../lib] ==> [/lib]
  collapse library dir [/usr/lib/arm-linux-gnueabihf] ==> [/usr/lib/arm-linux-gnueabihf]
  collapse library dir [/usr/lib/../lib] ==> [/usr/lib]
  collapse library dir [/usr/lib/gcc/arm-linux-gnueabihf/13/../../..] ==> [/usr/lib]
  implicit libs: [gcc;gcc_s;c;gcc;gcc_s]
  implicit dirs: [/usr/lib/gcc/arm-linux-gnueabihf/13;/usr/lib/arm-linux-gnueabihf;/usr/lib;/lib/arm-linux-gnueabihf;/lib]
  implicit fwks: []


Determining if the CXX compiler works passed with the following output:
Change Dir: /home/pi/work_space/Benzen_Project_230_AI/build/CMakeFiles/CMakeTmp

Run Build Command(s):/usr/bin/make cmTC_b9c7a/fast && /usr/bin/make -f CMakeFiles/cmTC_b9c7a.dir/build.make CMakeFiles/cmTC_b9c7a.dir/build
make[1]: Entering directory '/home/pi/work_space/Benzen_Project_230_AI/build/CMakeFiles/CMakeTmp'
Building CXX object CMakeFiles/cmTC_b9c7a.dir/testCXXCompiler.cxx.o
/usr/bin/c++     -o CMakeFiles/cmTC_b9c7a.dir/testCXXCompiler.cxx.o -c /home/pi/work_space/Benzen_Project_230_AI/build/CMakeFiles/CMakeTmp/testCXXCompiler.cxx
Linking CXX executable cmTC_b9c7a
/usr/bin/cmake -E cmake_link_script CMakeFiles/cmTC_b9c7a.dir/link.txt --verbose=1
/usr/bin/c++       -rdynamic CMakeFiles/cmTC_b9c7a.dir/testCXXCompiler.cxx.o  -o cmTC_b9c7a 
make[1]: Leaving directory '/home/pi/work_space/Benzen_Project_230_AI/build/CMakeFiles/CMakeTmp'



Detecting CXX compiler ABI info compiled with the following output:
Change Dir: /home/pi/work_space/Benzen_Project_230_AI/build/CMakeFiles/CMakeTmp

Run Build Command(s):/usr/bin/make cmTC_15eac/fast && /usr/bin/make -f CMakeFiles/cmTC_15eac.dir/build.make CMakeFiles/cmTC_15eac.dir/build
make[1]: Entering directory '/home/pi/work_space/Benzen_Project_230_AI/build/CMakeFiles/CMakeTmp'
Building CXX object CMakeFiles/cmTC_15eac.dir/CMakeCXXCompilerABI.cpp.o
/usr/bin/c++    -v -o CMakeFiles/cmTC_15eac.dir/CMakeCXXCompilerABI.cpp.o -c /usr/share/cmake-3.16/Modules/CMakeCXXCompilerABI.cpp
Using built-in specs.
COLLECT_GCC=/usr/bin/c++
Target: arm-linux-gnueabihf
Configured with: ../src/configure -v --with-pkgversion='Ubuntu 13.1.0-8ubuntu1~20.04.2' --with-bugurl=file:///usr/share/doc/gcc-13/README.Bugs --enable-languages=c,ada,c++,go,d,fortran,objc,obj-c++,m2,rust --prefix=/usr --with-gcc-major-version-only --program-suffix=-13 --program-prefix=arm-linux-gnueabihf- --enable-shared --enable-linker-build-id --libexecdir=/usr/libexec --without-included-gettext --enable-threads=posix --libdir=/usr/lib --enable-nls --enable-clocale=gnu --enable-libstdcxx-debug --enable-libstdcxx-time=yes --with-default-libstdcxx-abi=new --enable-gnu-unique-object --disable-libitm --disable-libquadmath --disable-libquadmath-support --enable-plugin --enable-default-pie --with-system-zlib --enable-libphobos-checking=release --with-target-system-zlib=auto --enable-objc-gc=auto --enable-multiarch --enable-multilib --disable-sjlj-exceptions --with-arch=armv7-a --with-fpu=vfpv3-d16 --with-float=hard --with-mode=thumb --disable-werror --enable-multilib --enable-checking=release --build=arm-linux-gnueabihf --host=arm-linux-gnueabihf --target=arm-linux-gnueabihf
Thread model: posix
Supported LTO compression algorithms: zlib zstd
gcc version 13.1.0 (Ubuntu 13.1.0-8ubuntu1~20.04.2) 
COLLECT_GCC_OPTIONS='-v' '-o' 'CMakeFiles/cmTC_15eac.dir/CMakeCXXCompilerABI.cpp.o' '-c' '-shared-libgcc'  '-mfloat-abi=hard' '-mfpu=vfpv3-d16' '-mtls-dialect=gnu' '-mthumb' '-mlibarch=armv7-a+fp' '-march=armv7-a+fp' '-dumpdir' 'CMakeFiles/cmTC_15eac.dir/'
 /usr/libexec/gcc/arm-linux-gnueabihf/13/cc1plus -quiet -v -imultiarch arm-linux-gnueabihf -D_GNU_SOURCE /usr/share/cmake-3.16/Modules/CMakeCXXCompilerABI.cpp -quiet -dumpdir CMakeFiles/cmTC_15eac.dir/ -dumpbase CMakeCXXCompilerABI.cpp.cpp -dumpbase-ext .cpp -mfloat-abi=hard -mfpu=vfpv3-d16 -mtls-dialect=gnu -mthumb -mlibarch=armv7-a+fp -march=armv7-a+fp -version -fstack-protector-strong -Wformat -Wformat-security -o /tmp/ccteHZWE.s
GNU C++17 (Ubuntu 13.1.0-8ubuntu1~20.04.2) version 13.1.0 (arm-linux-gnueabihf)
	compiled by GNU C version 13.1.0, GMP version 6.2.0, MPFR version 4.0.2, MPC version 1.1.0, isl version isl-0.22.1-GMP

GGC heuristics: --param ggc-min-expand=63 --param ggc-min-heapsize=62896
ignoring duplicate directory "/usr/include/arm-linux-gnueabihf/c++/13"
ignoring nonexistent directory "/usr/local/include/arm-linux-gnueabihf"
ignoring nonexistent directory "/usr/lib/gcc/arm-linux-gnueabihf/13/include-fixed/arm-linux-gnueabihf"
ignoring nonexistent directory "/usr/lib/gcc/arm-linux-gnueabihf/13/include-fixed"
ignoring nonexistent directory "/usr/lib/gcc/arm-linux-gnueabihf/13/../../../../arm-linux-gnueabihf/include"
#include "..." search starts here:
#include <...> search starts here:
 /usr/include/c++/13
 /usr/include/arm-linux-gnueabihf/c++/13
 /usr/include/c++/13/backward
 /usr/lib/gcc/arm-linux-gnueabihf/13/include
 /usr/local/include
 /usr/include/arm-linux-gnueabihf
 /usr/include
End of search list.
Compiler executable checksum: 2187624fb14853393a9b11cad1a3ceac
COLLECT_GCC_OPTIONS='-v' '-o' 'CMakeFiles/cmTC_15eac.dir/CMakeCXXCompilerABI.cpp.o' '-c' '-shared-libgcc'  '-mfloat-abi=hard' '-mfpu=vfpv3-d16' '-mtls-dialect=gnu' '-mthumb' '-mlibarch=armv7-a+fp' '-march=armv7-a+fp' '-dumpdir' 'CMakeFiles/cmTC_15eac.dir/'
 as -v -march=armv7-a+fp -mfloat-abi=hard -mfpu=vfpv3-d16 -meabi=5 -o CMakeFiles/cmTC_15eac.dir/CMakeCXXCompilerABI.cpp.o /tmp/ccteHZWE.s
GNU assembler version 2.34 (arm-linux-gnueabihf) using BFD version (GNU Binutils for Ubuntu) 2.34
COMPILER_PATH=/usr/libexec/gcc/arm-linux-gnueabihf/13/:/usr/libexec/gcc/arm-linux-gnueabihf/13/:/usr/libexec/gcc/arm-linux-gnueabihf/:/usr/lib/gcc/arm-linux-gnueabihf/13/:/usr/lib/gcc/arm-linux-gnueabihf/
LIBRARY_PATH=/usr/lib/gcc/arm-linux-gnueabihf/13/:/usr/lib/gcc/arm-linux-gnueabihf/13/../../../arm-linux-gnueabihf/:/usr/lib/gcc/arm-linux-gnueabihf/13/../../../../lib/:/lib/arm-linux-gnueabihf/:/lib/../lib/:/usr/lib/arm-linux-gnueabihf/:/usr/lib/../lib/:/usr/lib/gcc/arm-linux-gnueabihf/13/../../../:/lib/:/usr/lib/
COLLECT_GCC_OPTIONS='-v' '-o' 'CMakeFiles/cmTC_15eac.dir/CMakeCXXCompilerABI.cpp.o' '-c' '-shared-libgcc'  '-mfloat-abi=hard' '-mfpu=vfpv3-d16' '-mtls-dialect=gnu' '-mthumb' '-mlibarch=armv7-a+fp' '-march=armv7-a+fp' '-dumpdir' 'CMakeFiles/cmTC_15eac.dir/CMakeCXXCompilerABI.cpp.'
Linking CXX executable cmTC_15eac
/usr/bin/cmake -E cmake_link_script CMakeFiles/cmTC_15eac.dir/link.txt --verbose=1
/usr/bin/c++      -v -rdynamic CMakeFiles/cmTC_15eac.dir/CMakeCXXCompilerABI.cpp.o  -o cmTC_15eac 
Using built-in specs.
COLLECT_GCC=/usr/bin/c++
COLLECT_LTO_WRAPPER=/usr/libexec/gcc/arm-linux-gnueabihf/13/lto-wrapper
Target: arm-linux-gnueabihf
Configured with: ../src/configure -v --with-pkgversion='Ubuntu 13.1.0-8ubuntu1~20.04.2' --with-bugurl=file:///usr/share/doc/gcc-13/README.Bugs --enable-languages=c,ada,c++,go,d,fortran,objc,obj-c++,m2,rust --prefix=/usr --with-gcc-major-version-only --program-suffix=-13 --program-prefix=arm-linux-gnueabihf- --enable-shared --enable-linker-build-id --libexecdir=/usr/libexec --without-included-gettext --enable-threads=posix --libdir=/usr/lib --enable-nls --enable-clocale=gnu --enable-libstdcxx-debug --enable-libstdcxx-time=yes --with-default-libstdcxx-abi=new --enable-gnu-unique-object --disable-libitm --disable-libquadmath --disable-libquadmath-support --enable-plugin --enable-default-pie --with-system-zlib --enable-libphobos-checking=release --with-target-system-zlib=auto --enable-objc-gc=auto --enable-multiarch --enable-multilib --disable-sjlj-exceptions --with-arch=armv7-a --with-fpu=vfpv3-d16 --with-float=hard --with-mode=thumb --disable-werror --enable-multilib --enable-checking=release --build=arm-linux-gnueabihf --host=arm-linux-gnueabihf --target=arm-linux-gnueabihf
Thread model: posix
Supported LTO compression algorithms: zlib zstd
gcc version 13.1.0 (Ubuntu 13.1.0-8ubuntu1~20.04.2) 
COMPILER_PATH=/usr/libexec/gcc/arm-linux-gnueabihf/13/:/usr/libexec/gcc/arm-linux-gnueabihf/13/:/usr/libexec/gcc/arm-linux-gnueabihf/:/usr/lib/gcc/arm-linux-gnueabihf/13/:/usr/lib/gcc/arm-linux-gnueabihf/
LIBRARY_PATH=/usr/lib/gcc/arm-linux-gnueabihf/13/:/usr/lib/gcc/arm-linux-gnueabihf/13/../../../arm-linux-gnueabihf/:/usr/lib/gcc/arm-linux-gnueabihf/13/../../../../lib/:/lib/arm-linux-gnueabihf/:/lib/../lib/:/usr/lib/arm-linux-gnueabihf/:/usr/lib/../lib/:/usr/lib/gcc/arm-linux-gnueabihf/13/../../../:/lib/:/usr/lib/
COLLECT_GCC_OPTIONS='-v' '-rdynamic' '-o' 'cmTC_15eac' '-shared-libgcc'  '-mfloat-abi=hard' '-mfpu=vfpv3-d16' '-mtls-dialect=gnu' '-mthumb' '-mlibarch=armv7-a+fp' '-march=armv7-a+fp' '-dumpdir' 'cmTC_15eac.'
 /usr/libexec/gcc/arm-linux-gnueabihf/13/collect2 -plugin /usr/libexec/gcc/arm-linux-gnueabihf/13/liblto_plugin.so -plugin-opt=/usr/libexec/gcc/arm-linux-gnueabihf/13/lto-wrapper -plugin-opt=-fresolution=/tmp/cc2gLMS4.res -plugin-opt=-pass-through=-lgcc_s -plugin-opt=-pass-through=-lgcc -plugin-opt=-pass-through=-lc -plugin-opt=-pass-through=-lgcc_s -plugin-opt=-pass-through=-lgcc --build-id --eh-frame-hdr -export-dynamic -dynamic-linker /lib/ld-linux-armhf.so.3 -X --hash-style=gnu --as-needed -m armelf_linux_eabi -pie -z now -z relro -o cmTC_15eac /usr/lib/gcc/arm-linux-gnueabihf/13/../../../arm-linux-gnueabihf/Scrt1.o /usr/lib/gcc/arm-linux-gnueabihf/13/../../../arm-linux-gnueabihf/crti.o /usr/lib/gcc/arm-linux-gnueabihf/13/crtbeginS.o -L/usr/lib/gcc/arm-linux-gnueabihf/13 -L/usr/lib/gcc/arm-linux-gnueabihf/13/../../../arm-linux-gnueabihf -L/usr/lib/gcc/arm-linux-gnueabihf/13/../../../../lib -L/lib/arm-linux-gnueabihf -L/lib/../lib -L/usr/lib/arm-linux-gnueabihf -L/usr/lib/../lib -L/usr/lib/gcc/arm-linux-gnueabihf/13/../../.. CMakeFiles/cmTC_15eac.dir/CMakeCXXCompilerABI.cpp.o -lstdc++ -lm -lgcc_s -lgcc -lc -lgcc_s -lgcc /usr/lib/gcc/arm-linux-gnueabihf/13/crtendS.o /usr/lib/gcc/arm-linux-gnueabihf/13/../../../arm-linux-gnueabihf/crtn.o
COLLECT_GCC_OPTIONS='-v' '-rdynamic' '-o' 'cmTC_15eac' '-shared-libgcc'  '-mfloat-abi=hard' '-mfpu=vfpv3-d16' '-mtls-dialect=gnu' '-mthumb' '-mlibarch=armv7-a+fp' '-march=armv7-a+fp' '-dumpdir' 'cmTC_15eac.'
make[1]: Leaving directory '/home/pi/work_space/Benzen_Project_230_AI/build/CMakeFiles/CMakeTmp'



Parsed CXX implicit include dir info from above output: rv=done
  found start of include info
  found start of implicit include info
    add: [/usr/include/c++/13]
    add: [/usr/include/arm-linux-gnueabihf/c++/13]
    add: [/usr/include/c++/13/backward]
    add: [/usr/lib/gcc/arm-linux-gnueabihf/13/include]
    add: [/usr/local/include]
    add: [/usr/include/arm-linux-gnueabihf]
    add: [/usr/include]
  end of search list found
  collapse include dir [/usr/include/c++/13] ==> [/usr/include/c++/13]
  collapse include dir [/usr/include/arm-linux-gnueabihf/c++/13] ==> [/usr/include/arm-linux-gnueabihf/c++/13]
  collapse include dir [/usr/include/c++/13/backward] ==> [/usr/include/c++/13/backward]
  collapse include dir [/usr/lib/gcc/arm-linux-gnueabihf/13/include] ==> [/usr/lib/gcc/arm-linux-gnueabihf/13/include]
  collapse include dir [/usr/local/include] ==> [/usr/local/include]
  collapse include dir [/usr/include/arm-linux-gnueabihf] ==> [/usr/include/arm-linux-gnueabihf]
  collapse include dir [/usr/include] ==> [/usr/include]
  implicit include dirs: [/usr/include/c++/13;/usr/include/arm-linux-gnueabihf/c++/13;/usr/include/c++/13/backward;/usr/lib/gcc/arm-linux-gnueabihf/13/include;/usr/local/include;/usr/include/arm-linux-gnueabihf;/usr/include]


Parsed CXX implicit link information from above output:
  link line regex: [^( *|.*[/\])(ld|CMAKE_LINK_STARTFILE-NOTFOUND|([^/\]+-)?ld|collect2)[^/\]*( |$)]
  ignore line: [Change Dir: /home/pi/work_space/Benzen_Project_230_AI/build/CMakeFiles/CMakeTmp]
  ignore line: []
  ignore line: [Run Build Command(s):/usr/bin/make cmTC_15eac/fast && /usr/bin/make -f CMakeFiles/cmTC_15eac.dir/build.make CMakeFiles/cmTC_15eac.dir/build]
  ignore line: [make[1]: Entering directory '/home/pi/work_space/Benzen_Project_230_AI/build/CMakeFiles/CMakeTmp']
  ignore line: [Building CXX object CMakeFiles/cmTC_15eac.dir/CMakeCXXCompilerABI.cpp.o]
  ignore line: [/usr/bin/c++    -v -o CMakeFiles/cmTC_15eac.dir/CMakeCXXCompilerABI.cpp.o -c /usr/share/cmake-3.16/Modules/CMakeCXXCompilerABI.cpp]
  ignore line: [Using built-in specs.]
  ignore line: [COLLECT_GCC=/usr/bin/c++]
  ignore line: [Target: arm-linux-gnueabihf]
  ignore line: [Configured with: ../src/configure -v --with-pkgversion='Ubuntu 13.1.0-8ubuntu1~20.04.2' --with-bugurl=file:///usr/share/doc/gcc-13/README.Bugs --enable-languages=c ada c++ go d fortran objc obj-c++ m2 rust --prefix=/usr --with-gcc-major-version-only --program-suffix=-13 --program-prefix=arm-linux-gnueabihf- --enable-shared --enable-linker-build-id --libexecdir=/usr/libexec --without-included-gettext --enable-threads=posix --libdir=/usr/lib --enable-nls --enable-clocale=gnu --enable-libstdcxx-debug --enable-libstdcxx-time=yes --with-default-libstdcxx-abi=new --enable-gnu-unique-object --disable-libitm --disable-libquadmath --disable-libquadmath-support --enable-plugin --enable-default-pie --with-system-zlib --enable-libphobos-checking=release --with-target-system-zlib=auto --enable-objc-gc=auto --enable-multiarch --enable-multilib --disable-sjlj-exceptions --with-arch=armv7-a --with-fpu=vfpv3-d16 --with-float=hard --with-mode=thumb --disable-werror --enable-multilib --enable-checking=release --build=arm-linux-gnueabihf --host=arm-linux-gnueabihf --target=arm-linux-gnueabihf]
  ignore line: [Thread model: posix]
  ignore line: [Supported LTO compression algorithms: zlib zstd]
  ignore line: [gcc version 13.1.0 (Ubuntu 13.1.0-8ubuntu1~20.04.2) ]
  ignore line: [COLLECT_GCC_OPTIONS='-v' '-o' 'CMakeFiles/cmTC_15eac.dir/CMakeCXXCompilerABI.cpp.o' '-c' '-shared-libgcc'  '-mfloat-abi=hard' '-mfpu=vfpv3-d16' '-mtls-dialect=gnu' '-mthumb' '-mlibarch=armv7-a+fp' '-march=armv7-a+fp' '-dumpdir' 'CMakeFiles/cmTC_15eac.dir/']
  ignore line: [ /usr/libexec/gcc/arm-linux-gnueabihf/13/cc1plus -quiet -v -imultiarch arm-linux-gnueabihf -D_GNU_SOURCE /usr/share/cmake-3.16/Modules/CMakeCXXCompilerABI.cpp -quiet -dumpdir CMakeFiles/cmTC_15eac.dir/ -dumpbase CMakeCXXCompilerABI.cpp.cpp -dumpbase-ext .cpp -mfloat-abi=hard -mfpu=vfpv3-d16 -mtls-dialect=gnu -mthumb -mlibarch=armv7-a+fp -march=armv7-a+fp -version -fstack-protector-strong -Wformat -Wformat-security -o /tmp/ccteHZWE.s]
  ignore line: [GNU C++17 (Ubuntu 13.1.0-8ubuntu1~20.04.2) version 13.1.0 (arm-linux-gnueabihf)]
  ignore line: [	compiled by GNU C version 13.1.0  GMP version 6.2.0  MPFR version 4.0.2  MPC version 1.1.0  isl version isl-0.22.1-GMP]
  ignore line: []
  ignore line: [GGC heuristics: --param ggc-min-expand=63 --param ggc-min-heapsize=62896]
  ignore line: [ignoring duplicate directory "/usr/include/arm-linux-gnueabihf/c++/13"]
  ignore line: [ignoring nonexistent directory "/usr/local/include/arm-linux-gnueabihf"]
  ignore line: [ignoring nonexistent directory "/usr/lib/gcc/arm-linux-gnueabihf/13/include-fixed/arm-linux-gnueabihf"]
  ignore line: [ignoring nonexistent directory "/usr/lib/gcc/arm-linux-gnueabihf/13/include-fixed"]
  ignore line: [ignoring nonexistent directory "/usr/lib/gcc/arm-linux-gnueabihf/13/../../../../arm-linux-gnueabihf/include"]
  ignore line: [#include "..." search starts here:]
  ignore line: [#include <...> search starts here:]
  ignore line: [ /usr/include/c++/13]
  ignore line: [ /usr/include/arm-linux-gnueabihf/c++/13]
  ignore line: [ /usr/include/c++/13/backward]
  ignore line: [ /usr/lib/gcc/arm-linux-gnueabihf/13/include]
  ignore line: [ /usr/local/include]
  ignore line: [ /usr/include/arm-linux-gnueabihf]
  ignore line: [ /usr/include]
  ignore line: [End of search list.]
  ignore line: [Compiler executable checksum: 2187624fb14853393a9b11cad1a3ceac]
  ignore line: [COLLECT_GCC_OPTIONS='-v' '-o' 'CMakeFiles/cmTC_15eac.dir/CMakeCXXCompilerABI.cpp.o' '-c' '-shared-libgcc'  '-mfloat-abi=hard' '-mfpu=vfpv3-d16' '-mtls-dialect=gnu' '-mthumb' '-mlibarch=armv7-a+fp' '-march=armv7-a+fp' '-dumpdir' 'CMakeFiles/cmTC_15eac.dir/']
  ignore line: [ as -v -march=armv7-a+fp -mfloat-abi=hard -mfpu=vfpv3-d16 -meabi=5 -o CMakeFiles/cmTC_15eac.dir/CMakeCXXCompilerABI.cpp.o /tmp/ccteHZWE.s]
  ignore line: [GNU assembler version 2.34 (arm-linux-gnueabihf) using BFD version (GNU Binutils for Ubuntu) 2.34]
  ignore line: [COMPILER_PATH=/usr/libexec/gcc/arm-linux-gnueabihf/13/:/usr/libexec/gcc/arm-linux-gnueabihf/13/:/usr/libexec/gcc/arm-linux-gnueabihf/:/usr/lib/gcc/arm-linux-gnueabihf/13/:/usr/lib/gcc/arm-linux-gnueabihf/]
  ignore line: [LIBRARY_PATH=/usr/lib/gcc/arm-linux-gnueabihf/13/:/usr/lib/gcc/arm-linux-gnueabihf/13/../../../arm-linux-gnueabihf/:/usr/lib/gcc/arm-linux-gnueabihf/13/../../../../lib/:/lib/arm-linux-gnueabihf/:/lib/../lib/:/usr/lib/arm-linux-gnueabihf/:/usr/lib/../lib/:/usr/lib/gcc/arm-linux-gnueabihf/13/../../../:/lib/:/usr/lib/]
  ignore line: [COLLECT_GCC_OPTIONS='-v' '-o' 'CMakeFiles/cmTC_15eac.dir/CMakeCXXCompilerABI.cpp.o' '-c' '-shared-libgcc'  '-mfloat-abi=hard' '-mfpu=vfpv3-d16' '-mtls-dialect=gnu' '-mthumb' '-mlibarch=armv7-a+fp' '-march=armv7-a+fp' '-dumpdir' 'CMakeFiles/cmTC_15eac.dir/CMakeCXXCompilerABI.cpp.']
  ignore line: [Linking CXX executable cmTC_15eac]
  ignore line: [/usr/bin/cmake -E cmake_link_script CMakeFiles/cmTC_15eac.dir/link.txt --verbose=1]
  ignore line: [/usr/bin/c++      -v -rdynamic CMakeFiles/cmTC_15eac.dir/CMakeCXXCompilerABI.cpp.o  -o cmTC_15eac ]
  ignore line: [Using built-in specs.]
  ignore line: [COLLECT_GCC=/usr/bin/c++]
  ignore line: [COLLECT_LTO_WRAPPER=/usr/libexec/gcc/arm-linux-gnueabihf/13/lto-wrapper]
  ignore line: [Target: arm-linux-gnueabihf]
  ignore line: [Configured with: ../src/configure -v --with-pkgversion='Ubuntu 13.1.0-8ubuntu1~20.04.2' --with-bugurl=file:///usr/share/doc/gcc-13/README.Bugs --enable-languages=c ada c++ go d fortran objc obj-c++ m2 rust --prefix=/usr --with-gcc-major-version-only --program-suffix=-13 --program-prefix=arm-linux-gnueabihf- --enable-shared --enable-linker-build-id --libexecdir=/usr/libexec --without-included-gettext --enable-threads=posix --libdir=/usr/lib --enable-nls --enable-clocale=gnu --enable-libstdcxx-debug --enable-libstdcxx-time=yes --with-default-libstdcxx-abi=new --enable-gnu-unique-object --disable-libitm --disable-libquadmath --disable-libquadmath-support --enable-plugin --enable-default-pie --with-system-zlib --enable-libphobos-checking=release --with-target-system-zlib=auto --enable-objc-gc=auto --enable-multiarch --enable-multilib --disable-sjlj-exceptions --with-arch=armv7-a --with-fpu=vfpv3-d16 --with-float=hard --with-mode=thumb --disable-werror --enable-multilib --enable-checking=release --build=arm-linux-gnueabihf --host=arm-linux-gnueabihf --target=arm-linux-gnueabihf]
  ignore line: [Thread model: posix]
  ignore line: [Supported LTO compression algorithms: zlib zstd]
  ignore line: [gcc version 13.1.0 (Ubuntu 13.1.0-8ubuntu1~20.04.2) ]
  ignore line: [COMPILER_PATH=/usr/libexec/gcc/arm-linux-gnueabihf/13/:/usr/libexec/gcc/arm-linux-gnueabihf/13/:/usr/libexec/gcc/arm-linux-gnueabihf/:/usr/lib/gcc/arm-linux-gnueabihf/13/:/usr/lib/gcc/arm-linux-gnueabihf/]
  ignore line: [LIBRARY_PATH=/usr/lib/gcc/arm-linux-gnueabihf/13/:/usr/lib/gcc/arm-linux-gnueabihf/13/../../../arm-linux-gnueabihf/:/usr/lib/gcc/arm-linux-gnueabihf/13/../../../../lib/:/lib/arm-linux-gnueabihf/:/lib/../lib/:/usr/lib/arm-linux-gnueabihf/:/usr/lib/../lib/:/usr/lib/gcc/arm-linux-gnueabihf/13/../../../:/lib/:/usr/lib/]
  ignore line: [COLLECT_GCC_OPTIONS='-v' '-rdynamic' '-o' 'cmTC_15eac' '-shared-libgcc'  '-mfloat-abi=hard' '-mfpu=vfpv3-d16' '-mtls-dialect=gnu' '-mthumb' '-mlibarch=armv7-a+fp' '-march=armv7-a+fp' '-dumpdir' 'cmTC_15eac.']
  link line: [ /usr/libexec/gcc/arm-linux-gnueabihf/13/collect2 -plugin /usr/libexec/gcc/arm-linux-gnueabihf/13/liblto_plugin.so -plugin-opt=/usr/libexec/gcc/arm-linux-gnueabihf/13/lto-wrapper -plugin-opt=-fresolution=/tmp/cc2gLMS4.res -plugin-opt=-pass-through=-lgcc_s -plugin-opt=-pass-through=-lgcc -plugin-opt=-pass-through=-lc -plugin-opt=-pass-through=-lgcc_s -plugin-opt=-pass-through=-lgcc --build-id --eh-frame-hdr -export-dynamic -dynamic-linker /lib/ld-linux-armhf.so.3 -X --hash-style=gnu --as-needed -m armelf_linux_eabi -pie -z now -z relro -o cmTC_15eac /usr/lib/gcc/arm-linux-gnueabihf/13/../../../arm-linux-gnueabihf/Scrt1.o /usr/lib/gcc/arm-linux-gnueabihf/13/../../../arm-linux-gnueabihf/crti.o /usr/lib/gcc/arm-linux-gnueabihf/13/crtbeginS.o -L/usr/lib/gcc/arm-linux-gnueabihf/13 -L/usr/lib/gcc/arm-linux-gnueabihf/13/../../../arm-linux-gnueabihf -L/usr/lib/gcc/arm-linux-gnueabihf/13/../../../../lib -L/lib/arm-linux-gnueabihf -L/lib/../lib -L/usr/lib/arm-linux-gnueabihf -L/usr/lib/../lib -L/usr/lib/gcc/arm-linux-gnueabihf/13/../../.. CMakeFiles/cmTC_15eac.dir/CMakeCXXCompilerABI.cpp.o -lstdc++ -lm -lgcc_s -lgcc -lc -lgcc_s -lgcc /usr/lib/gcc/arm-linux-gnueabihf/13/crtendS.o /usr/lib/gcc/arm-linux-gnueabihf/13/../../../arm-linux-gnueabihf/crtn.o]
    arg [/usr/libexec/gcc/arm-linux-gnueabihf/13/collect2] ==> ignore
    arg [-plugin] ==> ignore
    arg [/usr/libexec/gcc/arm-linux-gnueabihf/13/liblto_plugin.so] ==> ignore
    arg [-plugin-opt=/usr/libexec/gcc/arm-linux-gnueabihf/13/lto-wrapper] ==> ignore
    arg [-plugin-opt=-fresolution=/tmp/cc2gLMS4.res] ==> ignore
    arg [-plugin-opt=-pass-through=-lgcc_s] ==> ignore
    arg [-plugin-opt=-pass-through=-lgcc] ==> ignore
    arg [-plugin-opt=-pass-through=-lc] ==> ignore
    arg [-plugin-opt=-pass-through=-lgcc_s] ==> ignore
    arg [-plugin-opt=-pass-through=-lgcc] ==> ignore
    arg [--build-id] ==> ignore
    arg [--eh-frame-hdr] ==> ignore
    arg [-export-dynamic] ==> ignore
    arg [-dynamic-linker] ==> ignore
    arg [/lib/ld-linux-armhf.so.3] ==> ignore
    arg [-X] ==> ignore
    arg [--hash-style=gnu] ==> ignore
    arg [--as-needed] ==> ignore
    arg [-m] ==> ignore
    arg [armelf_linux_eabi] ==> ignore
    arg [-pie] ==> ignore
    arg [-znow] ==> ignore
    arg [-zrelro] ==> ignore
    arg [-o] ==> ignore
    arg [cmTC_15eac] ==> ignore
    arg [/usr/lib/gcc/arm-linux-gnueabihf/13/../../../arm-linux-gnueabihf/Scrt1.o] ==> ignore
    arg [/usr/lib/gcc/arm-linux-gnueabihf/13/../../../arm-linux-gnueabihf/crti.o] ==> ignore
    arg [/usr/lib/gcc/arm-linux-gnueabihf/13/crtbeginS.o] ==> ignore
    arg [-L/usr/lib/gcc/arm-linux-gnueabihf/13] ==> dir [/usr/lib/gcc/arm-linux-gnueabihf/13]
    arg [-L/usr/lib/gcc/arm-linux-gnueabihf/13/../../../arm-linux-gnueabihf] ==> dir [/usr/lib/gcc/arm-linux-gnueabihf/13/../../../arm-linux-gnueabihf]
    arg [-L/usr/lib/gcc/arm-linux-gnueabihf/13/../../../../lib] ==> dir [/usr/lib/gcc/arm-linux-gnueabihf/13/../../../../lib]
    arg [-L/lib/arm-linux-gnueabihf] ==> dir [/lib/arm-linux-gnueabihf]
    arg [-L/lib/../lib] ==> dir [/lib/../lib]
    arg [-L/usr/lib/arm-linux-gnueabihf] ==> dir [/usr/lib/arm-linux-gnueabihf]
    arg [-L/usr/lib/../lib] ==> dir [/usr/lib/../lib]
    arg [-L/usr/lib/gcc/arm-linux-gnueabihf/13/../../..] ==> dir [/usr/lib/gcc/arm-linux-gnueabihf/13/../../..]
    arg [CMakeFiles/cmTC_15eac.dir/CMakeCXXCompilerABI.cpp.o] ==> ignore
    arg [-lstdc++] ==> lib [stdc++]
    arg [-lm] ==> lib [m]
    arg [-lgcc_s] ==> lib [gcc_s]
    arg [-lgcc] ==> lib [gcc]
    arg [-lc] ==> lib [c]
    arg [-lgcc_s] ==> lib [gcc_s]
    arg [-lgcc] ==> lib [gcc]
    arg [/usr/lib/gcc/arm-linux-gnueabihf/13/crtendS.o] ==> ignore
    arg [/usr/lib/gcc/arm-linux-gnueabihf/13/../../../arm-linux-gnueabihf/crtn.o] ==> ignore
  collapse library dir [/usr/lib/gcc/arm-linux-gnueabihf/13] ==> [/usr/lib/gcc/arm-linux-gnueabihf/13]
  collapse library dir [/usr/lib/gcc/arm-linux-gnueabihf/13/../../../arm-linux-gnueabihf] ==> [/usr/lib/arm-linux-gnueabihf]
  collapse library dir [/usr/lib/gcc/arm-linux-gnueabihf/13/../../../../lib] ==> [/usr/lib]
  collapse library dir [/lib/arm-linux-gnueabihf] ==> [/lib/arm-linux-gnueabihf]
  collapse library dir [/lib/../lib] ==> [/lib]
  collapse library dir [/usr/lib/arm-linux-gnueabihf] ==> [/usr/lib/arm-linux-gnueabihf]
  collapse library dir [/usr/lib/../lib] ==> [/usr/lib]
  collapse library dir [/usr/lib/gcc/arm-linux-gnueabihf/13/../../..] ==> [/usr/lib]
  implicit libs: [stdc++;m;gcc_s;gcc;c;gcc_s;gcc]
  implicit dirs: [/usr/lib/gcc/arm-linux-gnueabihf/13;/usr/lib/arm-linux-gnueabihf;/usr/lib;/lib/arm-linux-gnueabihf;/lib]
  implicit fwks: []


